<?xml version="1.0" encoding="UTF-8"?>
<!-- Generated by org.testng.reporters.JUnitReportReporter -->
<testsuite hostname="PV-HP-laptop" failures="0" tests="5" name="main.TestCases" time="37.882" errors="0" timestamp="2022-05-17T14:35:06 IST" skipped="0">
  <testcase classname="main.TestCases" name="Post" time="11.969"/>
  <system-out/>
  <testcase classname="main.TestCases" name="Get" time="1.646"/>
  <system-out/>
  <testcase classname="main.TestCases" name="Put" time="1.708"/>
  <system-out/>
  <testcase classname="main.TestCases" name="Delete" time="21.021"/>
  <system-out/>
  <testcase classname="main.TestCases" name="DeleteNegativeScenario" time="1.538"/>
  <system-out/>
</testsuite> <!-- main.TestCases -->
